Arguments: 
  /Users/owensnyder/.nvm/versions/node/v14.15.5/bin/node /Users/owensnyder/.nvm/versions/node/v14.15.5/bin/yarn build --watch

PATH: 
  /Users/owensnyder/.rvm/gems/ruby-3.1.2/bin:/Users/owensnyder/.rvm/gems/ruby-3.1.2@global/bin:/Users/owensnyder/.rvm/rubies/ruby-3.1.2/bin:/Users/owensnyder/.rvm/bin:/Users/owensnyder/.gem/ruby/2.7.3/bin:/Users/owensnyder/.rubies/ruby-2.7.3/lib/ruby/gems/2.7.0/bin:/Users/owensnyder/.rubies/ruby-2.7.3/bin:/Users/owensnyder/.nvm/versions/node/v14.15.5/bin:/usr/local/bin:/usr/local/sbin:/usr/local/bin:/usr/bin:/bin:/usr/sbin:/sbin:/Applications/Postgres.app/Contents/Versions/latest/bin:/Users/owensnyder/.gem/ruby/2.7.3/bin:/Users/owensnyder/.nvm/versions/node/v14.15.5/bin

Yarn version: 
  1.22.19

Node version: 
  14.15.5

Platform: 
  darwin x64

Trace: 
  SyntaxError: /Users/owensnyder/owens-projects/quote-editor/package.json: Unexpected token } in JSON at position 318
      at JSON.parse (<anonymous>)
      at /Users/owensnyder/.nvm/versions/node/v14.15.5/lib/node_modules/yarn/lib/cli.js:1629:59
      at Generator.next (<anonymous>)
      at step (/Users/owensnyder/.nvm/versions/node/v14.15.5/lib/node_modules/yarn/lib/cli.js:310:30)
      at /Users/owensnyder/.nvm/versions/node/v14.15.5/lib/node_modules/yarn/lib/cli.js:321:13

npm manifest: 
  {
    "name": "quote-editor",
    "version": "1.0.0",
    "description": "This README would normally document whatever steps are necessary to get the application up and running.",
    "main": "index.js",
    "directories": {
      "lib": "lib"
    },
    "scripts": {
      "test": "echo \"Error: no test specified\" && exit 1",
      
    },
    "keywords": [],
    "author": "",
    "license": "ISC"
  }

yarn manifest: 
  No manifest

Lockfile: 
  No lockfile
